<?xml version="1.0" encoding="UTF-8"?>
<!-- Generated by org.testng.reporters.JUnitReportReporter -->
<testsuite hostname="XIPL9822" failures="0" tests="1" name="TestProject.Loginapplication" time="13.669" errors="0" timestamp="2021-12-14T13:55:53 IST" skipped="0">
  <testcase classname="TestProject.Loginapplication" name="CreateNewUser" time="13.669"/>
  <system-out/>
</testsuite> <!-- TestProject.Loginapplication -->
