<?xml version="1.0" encoding="UTF-8"?>
<!-- Generated by org.testng.reporters.JUnitReportReporter -->
<testsuite hostname="XIPL9822" failures="0" tests="2" name="TestProject.AppiumTest" time="0.006" errors="0" timestamp="2021-11-24T10:22:17 IST" skipped="0">
  <testcase classname="TestProject.AppiumTest" name="iosApps" time="0.003"/>
  <system-out/>
  <testcase classname="TestProject.AppiumTest" name="andriodApps" time="0.003"/>
  <system-out/>
</testsuite> <!-- TestProject.AppiumTest -->
