<?xml version="1.0" encoding="UTF-8"?>
<!-- Generated by org.testng.reporters.JUnitReportReporter -->
<testsuite hostname="XIPL9822" failures="0" tests="1" name="TestProject.ExtentDemo" time="9.415" errors="0" timestamp="2021-11-29T10:58:21 IST" skipped="0">
  <testcase classname="TestProject.ExtentDemo" name="extentReportsDemo" time="9.415"/>
  <system-out/>
</testsuite> <!-- TestProject.ExtentDemo -->
