<?xml version="1.0" encoding="UTF-8"?>
<!-- Generated by org.testng.reporters.JUnitReportReporter -->
<testsuite hostname="XIPL9822" failures="0" tests="2" name="TestProject.RestAPI" time="0.015" errors="0" timestamp="2021-11-24T10:22:17 IST" skipped="0">
  <testcase classname="TestProject.RestAPI" name="getMethod" time="0.013"/>
  <system-out/>
  <testcase classname="TestProject.RestAPI" name="putMethod" time="0.002"/>
  <system-out/>
</testsuite> <!-- TestProject.RestAPI -->
