<?xml version="1.0" encoding="UTF-8"?>
<!-- Generated by org.testng.reporters.JUnitReportReporter -->
<testsuite skipped="0" hostname="XIPL9822" name="TestProject.AppiumTest" tests="2" failures="0" timestamp="2021-11-24T10:42:16 IST" time="0.001" errors="0">
  <testcase name="andriodApps" time="0.001" classname="TestProject.AppiumTest"/>
  <system-out/>
  <testcase name="iosApps" time="0.000" classname="TestProject.AppiumTest"/>
  <system-out/>
</testsuite> <!-- TestProject.AppiumTest -->
