<?xml version="1.0" encoding="UTF-8"?>
<!-- Generated by org.testng.reporters.JUnitReportReporter -->
<testsuite skipped="0" hostname="XIPL9822" name="TestProject.RestAPITest" tests="2" failures="0" timestamp="2021-11-24T10:40:07 IST" time="0.003" errors="0">
  <testcase name="putMethod" time="0.003" classname="TestProject.RestAPITest"/>
  <system-out/>
  <testcase name="getMethod" time="0.000" classname="TestProject.RestAPITest"/>
  <system-out/>
</testsuite> <!-- TestProject.RestAPITest -->
