<?xml version="1.0" encoding="UTF-8"?>
<!-- Generated by org.testng.reporters.JUnitReportReporter -->
<testsuite skipped="0" hostname="XIPL9822" name="TestProject.SeleniumJavaTest" tests="2" failures="0" timestamp="2021-11-24T10:42:16 IST" time="0.009" errors="0">
  <testcase name="chromeBrowser" time="0.008" classname="TestProject.SeleniumJavaTest"/>
  <system-out/>
  <testcase name="edgeBrowser" time="0.001" classname="TestProject.SeleniumJavaTest"/>
  <system-out/>
</testsuite> <!-- TestProject.SeleniumJavaTest -->
